<?xml version="1.0" encoding="UTF-8"?>
<testsuite name="com.nanograd.app.PersonSpec" tests="1" skipped="0" failures="0" errors="0" timestamp="2025-09-21T05:54:58.221Z" hostname="SARATH_DL" time="0.031">
  <properties/>
  <testcase name="nimoy should test success" classname="com.nanograd.app.PersonSpec" time="0.031"/>
  <system-out><![CDATA[]]></system-out>
  <system-err><![CDATA[]]></system-err>
</testsuite>
